<?xml version="1.0" encoding="UTF-8"?>
<!-- Generated by org.testng.reporters.JUnitReportReporter -->
<testsuite skipped="0" hostname="bhargav" name="cts.miniproject.utility.DdWordpressLogin" tests="3" failures="0" timestamp="2020-03-30T10:19:38 IST" time="21.098" errors="0">
  <testcase name="loginToWordpress" time="7.781" classname="cts.miniproject.utility.DdWordpressLogin"/>
  <system-out/>
  <testcase name="loginToWordpress" time="6.900" classname="cts.miniproject.utility.DdWordpressLogin"/>
  <system-out/>
  <testcase name="loginToWordpress" time="6.417" classname="cts.miniproject.utility.DdWordpressLogin"/>
  <system-out/>
</testsuite> <!-- cts.miniproject.utility.DdWordpressLogin -->
